<?xml version="1.0" encoding="UTF-8"?>
<!-- Generated by org.testng.reporters.JUnitXMLReporter -->
<testsuite hostname="DESKTOP-QV0QQHN" ignored="0" name="Test" tests="2" failures="1" timestamp="29 Nov 2020 16:44:45 GMT" time="3.263" errors="0">
  <testcase name="browserTesting1" time="0.002" classname="com.usa.testNG.CrossBrowserTesting">
    <failure type="java.lang.NullPointerException">
      <![CDATA[java.lang.NullPointerException
at com.usa.testNG.CrossBrowserTesting.browserTesting1(CrossBrowserTesting.java:44)
... Removed 25 stack frames]]>
    </failure>
  </testcase> <!-- browserTesting1 -->
  <testcase name="browserTesting2" time="0.0" classname="com.usa.testNG.CrossBrowserTesting">
    <skipped/>
  </testcase> <!-- browserTesting2 -->
</testsuite> <!-- Test -->
