<?xml version="1.0" encoding="UTF-8"?>
<!-- Generated by org.testng.reporters.JUnitXMLReporter -->
<testsuite hostname="DESKTOP-QV0QQHN" ignored="0" name="FireFox Browser" tests="1" failures="0" timestamp="02 Dec 2020 04:37:47 GMT" time="0.026" errors="0">
  <testcase name="@BeforeTest browserSetup" time="0.0" classname="com.usa.testNG.CrossBrowserTesting">
    <failure type="java.lang.Exception" message="Browser is not correct">
      <![CDATA[java.lang.Exception: Browser is not correct
at com.usa.testNG.CrossBrowserTesting.browserSetup(CrossBrowserTesting.java:35)
... Removed 24 stack frames]]>
    </failure>
  </testcase> <!-- @BeforeTest browserSetup -->
  <testcase name="browserTesting" time="0.0" classname="com.usa.testNG.CrossBrowserTesting">
    <skipped/>
  </testcase> <!-- browserTesting -->
</testsuite> <!-- FireFox Browser -->
