<?xml version="1.0" encoding="UTF-8"?>
<testng-results skipped="0" failed="0" ignored="0" total="2" passed="2">
  <reporter-output>
  </reporter-output>
  <suite name="Suite1" duration-ms="31077" started-at="2020-12-22T04:44:44Z" finished-at="2020-12-22T04:45:16Z">
    <groups>
      <group name="cucumber">
        <method signature="AbstractTestNGCucumberTests.feature(cucumber.api.testng.CucumberFeatureWrapper)[pri:0, instance:zoopla.uk.my.runner.OutlineRunner@6f27a732]" name="feature" class="cucumber.api.testng.AbstractTestNGCucumberTests"/>
      </group> <!-- cucumber -->
    </groups>
    <test name="Nopackage" duration-ms="31077" started-at="2020-12-22T04:44:44Z" finished-at="2020-12-22T04:45:16Z">
      <class name="zoopla.uk.my.runner.OutlineRunner">
        <test-method status="PASS" signature="setUpClass()[pri:0, instance:zoopla.uk.my.runner.OutlineRunner@6f27a732]" name="setUpClass" is-config="true" duration-ms="188" started-at="2020-12-22T04:44:45Z" finished-at="2020-12-22T04:44:45Z">
          <reporter-output>
          </reporter-output>
        </test-method> <!-- setUpClass -->
        <test-method status="PASS" signature="feature(cucumber.api.testng.CucumberFeatureWrapper)[pri:0, instance:zoopla.uk.my.runner.OutlineRunner@6f27a732]" name="feature" duration-ms="13374" started-at="2020-12-22T04:44:45Z" description="Runs Cucumber Feature" data-provider="features" finished-at="2020-12-22T04:44:58Z">
          <params>
            <param index="0">
              <value>
                <![CDATA[Zoopla users can buy the property & sell the property]]>
              </value>
            </param>
          </params>
          <reporter-output>
          </reporter-output>
        </test-method> <!-- feature -->
        <test-method status="PASS" signature="feature(cucumber.api.testng.CucumberFeatureWrapper)[pri:0, instance:zoopla.uk.my.runner.OutlineRunner@6f27a732]" name="feature" duration-ms="17385" started-at="2020-12-22T04:44:58Z" description="Runs Cucumber Feature" data-provider="features" finished-at="2020-12-22T04:45:16Z">
          <params>
            <param index="0">
              <value>
                <![CDATA[Login function validations]]>
              </value>
            </param>
          </params>
          <reporter-output>
          </reporter-output>
        </test-method> <!-- feature -->
        <test-method status="PASS" signature="tearDownClass()[pri:0, instance:zoopla.uk.my.runner.OutlineRunner@6f27a732]" name="tearDownClass" is-config="true" duration-ms="29" started-at="2020-12-22T04:45:16Z" finished-at="2020-12-22T04:45:16Z">
          <reporter-output>
          </reporter-output>
        </test-method> <!-- tearDownClass -->
      </class> <!-- zoopla.uk.my.runner.OutlineRunner -->
    </test> <!-- Nopackage -->
  </suite> <!-- Suite1 -->
</testng-results>
